[debug] [2023-06-01T09:19:36.773Z] ----------------------------------------------------------------------
[debug] [2023-06-01T09:19:36.778Z] Command:       C:\Program Files\nodejs\node.exe C:\Users\lambo\AppData\Roaming\npm\node_modules\firebase-tools\lib\bin\firebase.js init
[debug] [2023-06-01T09:19:36.779Z] CLI Version:   12.2.1
[debug] [2023-06-01T09:19:36.780Z] Platform:      win32
[debug] [2023-06-01T09:19:36.780Z] Node Version:  v16.14.0
[debug] [2023-06-01T09:19:36.785Z] Time:          Thu Jun 01 2023 14:19:36 GMT+0500 (Pakistan Standard Time)
[debug] [2023-06-01T09:19:36.786Z] ----------------------------------------------------------------------
[debug] 
[debug] [2023-06-01T09:19:36.832Z] > command requires scopes: ["email","openid","https://www.googleapis.com/auth/cloudplatformprojects.readonly","https://www.googleapis.com/auth/firebase","https://www.googleapis.com/auth/cloud-platform"]
[debug] [2023-06-01T09:19:36.841Z] > authorizing via signed-in user (lamborghinia692@gmail.com)
[info] 
     ######## #### ########  ######## ########     ###     ######  ########
     ##        ##  ##     ## ##       ##     ##  ##   ##  ##       ##
     ######    ##  ########  ######   ########  #########  ######  ######
     ##        ##  ##    ##  ##       ##     ## ##     ##       ## ##
     ##       #### ##     ## ######## ########  ##     ##  ######  ########

You're about to initialize a Firebase project in this directory:

  C:\Users\lambo\Desktop\Burooj\burooj\porfolio\Burooj

[info] 
=== Project Setup
[info] 
[info] First, let's associate this project directory with a Firebase project.
[info] You can create multiple project aliases by running firebase use --add, 
[info] but for now we'll just set up a default project.
[info] 
[debug] [2023-06-01T09:20:09.852Z] >>> [apiv2][query] GET https://firebase.googleapis.com/v1beta1/projects pageSize=100
[debug] [2023-06-01T09:20:10.970Z] <<< [apiv2][status] GET https://firebase.googleapis.com/v1beta1/projects 200
[debug] [2023-06-01T09:20:10.971Z] <<< [apiv2][body] GET https://firebase.googleapis.com/v1beta1/projects [omitted]
[info] i  Using project buroojportfolio (BuroojPortfolio) 
[info] 
=== Hosting Setup
[info] 
[info] Your public directory is the folder (relative to your project directory) that
[info] will contain Hosting assets to be uploaded with firebase deploy. If you
[info] have a build process for your assets, use your build's output directory.
[info] 
